INFO: [VRFC 10-2263] Analyzing Verilog file "C:/Users/TAN/Desktop/SM/SM.srcs/sources_1/new/FpMultiplier.v" into library xil_defaultlib
INFO: [VRFC 10-311] analyzing module FpMultiplier
INFO: [VRFC 10-2263] Analyzing Verilog file "C:/Users/TAN/Desktop/SM/SM.srcs/sources_1/new/FloatAdder.v" into library xil_defaultlib
INFO: [VRFC 10-311] analyzing module FloatAdder
INFO: [VRFC 10-2263] Analyzing Verilog file "C:/Users/TAN/Desktop/SM/SM.srcs/sources_1/new/RegFile.v" into library xil_defaultlib
INFO: [VRFC 10-311] analyzing module RegFile
INFO: [VRFC 10-2263] Analyzing Verilog file "C:/Users/TAN/Desktop/SM/SM.srcs/sources_1/new/ControlUnit.v" into library xil_defaultlib
INFO: [VRFC 10-311] analyzing module ControlUnit
INFO: [VRFC 10-2263] Analyzing Verilog file "C:/Users/TAN/Desktop/SM/SM.srcs/sources_1/new/ALU.v" into library xil_defaultlib
INFO: [VRFC 10-311] analyzing module ALU
INFO: [VRFC 10-2263] Analyzing Verilog file "C:/Users/TAN/Desktop/SM/SM.srcs/sources_1/new/SharedMemory.v" into library xil_defaultlib
INFO: [VRFC 10-311] analyzing module ShareMemory
INFO: [VRFC 10-2263] Analyzing Verilog file "C:/Users/TAN/Desktop/SM/SM.srcs/sources_1/new/MultithreadedInstructionUnit.v" into library xil_defaultlib
INFO: [VRFC 10-311] analyzing module MultithreadInstructionUnit
INFO: [VRFC 10-2263] Analyzing Verilog file "C:/Users/TAN/Desktop/SM/SM.srcs/sources_1/new/MulticastNetwork.v" into library xil_defaultlib
INFO: [VRFC 10-311] analyzing module MulticastNetwork
INFO: [VRFC 10-2263] Analyzing Verilog file "C:/Users/TAN/Desktop/SM/SM.srcs/sources_1/new/Instruction_Cache.v" into library xil_defaultlib
INFO: [VRFC 10-311] analyzing module Instruction_Cache
INFO: [VRFC 10-2263] Analyzing Verilog file "C:/Users/TAN/Desktop/SM/SM.srcs/sources_1/new/StreamProcessor.v" into library xil_defaultlib
INFO: [VRFC 10-311] analyzing module StreamProcessor
INFO: [VRFC 10-2263] Analyzing Verilog file "C:/Users/TAN/Desktop/SM/SM.srcs/sources_1/new/StreamingMultiprocesser.v" into library xil_defaultlib
INFO: [VRFC 10-311] analyzing module StreamingMultiprocesser
INFO: [VRFC 10-2263] Analyzing Verilog file "C:/Users/TAN/Desktop/SM/SM.srcs/sim_1/new/test.v" into library xil_defaultlib
INFO: [VRFC 10-311] analyzing module test
INFO: [VRFC 10-2263] Analyzing Verilog file "C:/Users/TAN/Desktop/SM/SM.sim/sim_1/behav/glbl.v" into library xil_defaultlib
INFO: [VRFC 10-311] analyzing module glbl
